<?xml version="1.0" encoding="UTF-8"?>
<!-- Generated by org.testng.reporters.JUnitReportReporter -->
<testsuite hostname="Zeeshan-Dell" failures="0" tests="1" name="com.testscripts.Nine_FR_Assessment" time="59.992" errors="0" timestamp="2021-06-27T16:52:26 AEST" skipped="0">
  <testcase classname="com.testscripts.Nine_FR_Assessment" name="TC_01_EndOfSeasonSale_PopUp" time="59.992"/>
  <system-out/>
</testsuite> <!-- com.testscripts.Nine_FR_Assessment -->
