<?xml version="1.0" encoding="UTF-8"?>
<!-- Generated by org.testng.reporters.JUnitReportReporter -->
<testsuite skipped="0" hostname="DESKTOP-ICSBMB7" name="com.testscripts.Nine_FR_Assessment" tests="1" failures="0" timestamp="2021-06-27T11:27:30 IST" time="53.297" errors="0">
  <testcase name="TC_01_EndOfSeasonSale_PopUp" time="53.297" classname="com.testscripts.Nine_FR_Assessment"/>
  <system-out/>
</testsuite> <!-- com.testscripts.Nine_FR_Assessment -->
